 
## Total Size      = 0x00011040 = 69696 Bytes
## Start Addr      = 0x90100000
Phytium-Pi#go x 0x90100000
## Starting application at 0x90100000 ...
aaaaaapppcdcdd
       d8888                            .d88888b.   .d8888b.
      d88888                           d88P" "Y88b d88P  Y88b
     d88P888                           888     888 Y88b.
    d88P 888 888d888  .d8888b  .d88b.  888     888  "Y888b.
   d88P  888 888P"   d88P"    d8P  Y8b 888     888     "Y88b.
  d88P   888 888     888      88888888 888     888       "888
 d8888888888 888     Y88b.    Y8b.     Y88b. .d88P Y88b  d88P
d88P     888 888      "Y8888P  "Y8888   "Y88888P"   "Y8888P"

arch = aarch64
platform = aarch64-phytiumpi
target = aarch64-unknown-none-softfloat
smp = 1
build_mode = release
log_level = debug

[ 17.797180 0 axruntime:122] Logging is enabled.
[ 17.802908 0 axruntime:123] Primary CPU 512 started, dtb = 0x1.
[ 17.810026 0 axruntime:124] Platform name aarch64-phytiumpi.
[ 17.816883 0 axruntime:126] Found physcial memory regions:
[ 17.823567 0 axruntime:129]   [PA:0x90100000, PA:0x9010c000) .text (READ | EXECUTE | RESERVED)
[ 17.833375 0 axruntime:129]   [PA:0x9010c000, PA:0x9010e000) .rodata (READ | RESERVED)
[ 17.842489 0 axruntime:129]   [PA:0x9010e000, PA:0x90112000) .data .tdata .tbss .percpu (READ | WRITE | RESERVED)
[ 17.853947 0 axruntime:129]   [PA:0x90112000, PA:0x90152000) boot stack (READ | WRITE | RESERVED)
[ 17.864015 0 axruntime:129]   [PA:0x90152000, PA:0x90153000) .bss (READ | WRITE | RESERVED)
[ 17.873564 0 axruntime:129]   [PA:0x1000, PA:0x101000) fdt reserved (READ | RESERVED)
[ 17.882591 0 axruntime:129]   [PA:0x90153000, PA:0x100000000) free memory (READ | WRITE | FREE)
[ 17.892486 0 axruntime:129]   [PA:0x2800c000, PA:0x2800d000) mmio (READ | WRITE | DEVICE | RESERVED)
[ 17.902815 0 axruntime:129]   [PA:0x2800d000, PA:0x2800e000) mmio (READ | WRITE | DEVICE | RESERVED)
[ 17.913144 0 axruntime:129]   [PA:0x2800e000, PA:0x2800f000) mmio (READ | WRITE | DEVICE | RESERVED)
[ 17.923474 0 axruntime:129]   [PA:0x2800f000, PA:0x28010000) mmio (READ | WRITE | DEVICE | RESERVED)
[ 17.933803 0 axruntime:129]   [PA:0x30000000, PA:0x38000000) mmio (READ | WRITE | DEVICE | RESERVED)
[ 17.944132 0 axruntime:129]   [PA:0x40000000, PA:0x80000000) mmio (READ | WRITE | DEVICE | RESERVED)
[ 17.954461 0 axruntime:129]   [PA:0x1000000000, PA:0x3000000000) mmio (READ | WRITE | DEVICE | RESERVED)
[ 17.965138 0 axruntime:148] Initialize platform devices...
[ 17.971821 0 axruntime:187] Primary CPU 512 init OK.
Hello, world!
[ 17.979286 0 axruntime:197] main task exited: exit_code=0
[ 17.985883 0 axhal::platform::aarch64_phytiumpi::misc:3] Shutting down...
